C51 COMPILER V9.53.0.0   USB_TASK                                                          09/21/2016 23:11:21 PAGE 1   


C51 COMPILER V9.53.0.0, COMPILATION OF MODULE USB_TASK
OBJECT MODULE PLACED IN usb_task.OBJ
COMPILER INVOKED BY: C:\Keil123\C51\BIN\C51.exe usb_task.c LARGE OPTIMIZE(9,SPEED) BROWSE INCDIR(.\;.\;.\) DEFINE(KEIL) 
                    -DEBUG OBJECTEXTEND TABS(2)

line level    source

   1          /*C**************************************************************************
   2          * NAME:         usb_task.c
   3          *----------------------------------------------------------------------------
   4          * Copyright (c) 2004 Atmel.
   5          *----------------------------------------------------------------------------
   6          * RELEASE:      c5131-usb-cdc-1_2_1      
   7          * REVISION:     1.6     
   8          *----------------------------------------------------------------------------
   9          * PURPOSE: 
  10          * This file controls the USB protocol.
  11          *****************************************************************************/
  12          /*_____ I N C L U D E S ____________________________________________________*/
  13          
  14          #include "config.h"
  15          #include "usb_task.h"
  16          #include "lib_mcu\usb\usb_drv.h"
  17          #include "lib_mcu\usb\uart_usb_lib.h"
  18          #include "lib_mcu\uart\uart_lib.h"
  19          #include "modules\usb_cdc_enum\usb_cdc_enum.h"
  20          #include "modules\timer_soft\timer_soft.h"
  21          
  22          #ifdef HELLO_WORLD_DEMO
  23          #include <stdio.h>                /* prototype declarations for I/O functions */
  24          #endif
  25          
  26          /*_____ M A C R O S ________________________________________________________*/
  27          
  28          /*_____ D E F I N I T I O N ________________________________________________*/
  29          sbit LED5 = P1^4; //assigning label to P1^4 as "LED"
  30          int i = 0;
  31          bit   usb_connected;
  32          bit   flush_next_time;
  33          Uchar usb_sof_counter;
  34          
  35          extern Uchar tx_counter;
  36                 Uchar last_tx_counter;
  37          
  38          Uchar          buff[5];
  39          Uchar          uart_usb_index;
  40          
  41          extern         Uchar  usb_configuration_nb;
  42          extern         bit    usb_flush_allowed;
  43          #ifndef NO_SUPPORT_USB_PING_PONG
              bdata bit   rx_bank;
              #endif
  46          
  47          
  48          /*_____ D E C L A R A T I O N ______________________________________________*/
  49          
  50          /*F**************************************************************************
  51          * NAME: usb_task_init
  52          *----------------------------------------------------------------------------
  53          * PARAMS:
  54          * delay:    none
C51 COMPILER V9.53.0.0   USB_TASK                                                          09/21/2016 23:11:21 PAGE 2   

  55          * return:   none
  56          *----------------------------------------------------------------------------
  57          * PURPOSE: 
  58          * This function initializes the USB controller and the associated variables.
  59          *----------------------------------------------------------------------------
  60          * EXAMPLE:
  61          *----------------------------------------------------------------------------
  62          * NOTE: 
  63          *----------------------------------------------------------------------------
  64          * REQUIREMENTS: 
  65          *****************************************************************************/
  66          void usb_task_init(void)
  67          { 
  68   1        configure_usb_clock();
  69   1        Usb_enable();
  70   1        Usb_detach();
  71   1        tempo(TIMER_5_MS);
  72   1        Usb_attach();
  73   1      
  74   1        usb_configure_endpoint(EP_CONTROL, CONTROL);
  75   1        usb_reset_endpoint(EP_CONTROL);
  76   1      
  77   1        usb_var_init();
  78   1      
  79   1        Configure_led(0,LED_PORT_2MA);
  80   1        Configure_led(1,LED_PORT_2MA);
  81   1        Configure_led(2,LED_PORT_2MA);
  82   1        Configure_led(3,LED_PORT_2MA);
  83   1      
  84   1        Led_all_off();
  85   1      
  86   1        uart_init();
  87   1        uart_usb_init();
  88   1        last_tx_counter = 0;
  89   1        uart_usb_index = 0;
  90   1        usb_connected = TRUE;
  91   1      #ifndef NO_SUPPORT_USB_PING_PONG
                rx_bank = 0; 
              #endif
  94   1      }
  95          
  96          
  97          /*F**************************************************************************
  98          * NAME: usb_task
  99          *----------------------------------------------------------------------------
 100          * PARAMS:
 101          * delay:    none
 102          * return:   none
 103          *----------------------------------------------------------------------------
 104          * PURPOSE: 
 105          * This function manages the USB communication
 106          *----------------------------------------------------------------------------
 107          * EXAMPLE:
 108          *----------------------------------------------------------------------------
 109          * NOTE: 
 110          *----------------------------------------------------------------------------
 111          * REQUIREMENTS: 
 112          *****************************************************************************/
 113          void usb_task(void)
 114          {
 115   1      #ifndef HELLO_WORLD_DEMO
              Uchar j;
C51 COMPILER V9.53.0.0   USB_TASK                                                          09/21/2016 23:11:21 PAGE 3   

              #endif
 118   1        if (!usb_connected)
 119   1        {
 120   2          if (Usb_resume())
 121   2          {
 122   3            Usb_clear_suspend_clock();
 123   3            usb_connected = TRUE;
 124   3            Usb_clear_suspend();
 125   3            Usb_clear_resume();
 126   3            Usb_clear_sof();
 127   3            Led_3_off();
 128   3          }
 129   2        }
 130   1        else
 131   1        {
 132   2          if (Usb_suspend())
 133   2          {
 134   3            usb_connected = FALSE;
 135   3            Led_all_off();
 136   3            Led_3_on();
 137   3            Usb_clear_suspend();
 138   3            Usb_set_suspend_clock();
 139   3          }
 140   2          if (Usb_reset())
 141   2          { 
 142   3            usb_var_init();
 143   3            Usb_clear_reset();
 144   3            Led_0_off(); Led_1_off(); Led_2_off();
 145   3            uart_usb_init();
 146   3            last_tx_counter = 0;
 147   3            uart_usb_index = 0;
 148   3      #ifndef NO_SUPPORT_USB_PING_PONG
                    rx_bank = 0; 
              #endif
 151   3      
 152   3          }
 153   2      
 154   2          if (Usb_sof())
 155   2          {
 156   3            if (last_tx_counter == tx_counter)
 157   3            {
 158   4              uart_usb_flush();
 159   4            }
 160   3            last_tx_counter = tx_counter;
 161   3            usb_sof_counter ++;
 162   3            if (usb_sof_counter == 0x00)
 163   3            {
 164   4              Led_0_toggle();
 165   4            }
 166   3            Usb_clear_sof();
 167   3          }
 168   2      
 169   2          if (Usb_endpoint_interrupt())
 170   2          {
 171   3            Usb_select_ep(EP_CONTROL);
 172   3            if (Usb_setup_received()) { usb_enumeration_process(); }
 173   3      
 174   3            Usb_select_ep(3);
 175   3            if (Usb_tx_complete())    { Usb_clear_tx_complete();   }
 176   3          }
 177   2        }
 178   1      
C51 COMPILER V9.53.0.0   USB_TASK                                                          09/21/2016 23:11:21 PAGE 4   

 179   1      #ifndef HELLO_WORLD_DEMO                  /* USB <-> RS 232 demo */
                if (uart_test_hit())
                {
                  Led_1_on();
                  buff[uart_usb_index++]=uart_getchar();
                  if (uart_usb_tx_ready())
                  {
                    for (j=0;j<uart_usb_index;j++) {uart_usb_putchar (buff[j]);}
                    uart_usb_index=0;
                  }
              
                  Led_1_off();
                }
              
                if (Uart_tx_ready())
                {
                  if (uart_usb_test_hit()) { Led_2_on(); uart_putchar(uart_usb_getchar()); Led_2_off(); }
                }
              #else                                     /* HELLO WORLD demo */
 198   1        if (P3_2 == 0)
 199   1        {
 200   2          if (test_hit())
 201   2        { 
 202   3        LED5 = ~LED5;
 203   3        putchar ('a');
 204   3          if (test_hit())
 205   3            putchar(_getkey());
 206   3        }
 207   2          Led_1_toggle();             /* Toggle LED 0 each time we print */
 208   2          //printf ("Hello World\r\n");   /* Print "Hello World" */
 209   2        }
 210   1      
 211   1        if (test_hit())
 212   1        { 
 213   2        //LED5 = ~LED5;
 214   2        //putchar (_getkey());
 215   2        }
 216   1      
 217   1      #endif
 218   1      
 219   1      }
 220          
 221          


MODULE INFORMATION:   STATIC OVERLAYABLE
   CODE SIZE        =    253    ----
   CONSTANT SIZE    =   ----    ----
   XDATA SIZE       =     10    ----
   PDATA SIZE       =   ----    ----
   DATA SIZE        =   ----    ----
   IDATA SIZE       =   ----    ----
   BIT SIZE         =      2    ----
END OF MODULE INFORMATION.


C51 COMPILATION COMPLETE.  0 WARNING(S),  0 ERROR(S)
